[Run] outdir = outputs/alt_cpu_big
--- Using device: cpu ---
Lambda values (len=30): [0.00000000e+00 1.00000000e-04 1.51844592e-04 2.30567803e-04
 3.50104740e-04 5.31615116e-04 8.07228806e-04 1.22573329e-03
 1.86120972e-03 2.82614631e-03 4.29135035e-03 6.51618344e-03
 9.89447219e-03 1.50242210e-02 2.28134671e-02 3.46410162e-02
 5.26005098e-02 7.98710297e-02 1.21279840e-01 1.84156878e-01
 2.79632261e-01 4.24606467e-01 6.44741959e-01 9.79005800e-01
 1.48656737e+00 2.25727216e+00 3.42754571e+00 5.20454282e+00
 7.90281683e+00 1.20000000e+01]
--- [Stage 1] Pretrain NN (regression) ---
[Train] it=  100 | val_mse=0.634991
[Train] it=  200 | val_mse=0.481620
[Train] it=  300 | val_mse=0.482156
[Train] it=  400 | val_mse=0.492550
[Train] it=  500 | val_mse=0.502572
[Train] it=  600 | val_mse=0.505831
[Train] it=  700 | val_mse=0.514439
[Train] it=  800 | val_mse=0.522080

=== [Alt Cycle 1/4] ADMM ===
[ADMM]   1/30 λ= 0.0000 | C2=10 C3=10 | minLinf=2.87e-01 | T=  0.30s | ARI=0.0000
[ADMM]   2/30 λ= 0.0001 | C2=10 C3=10 | minLinf=2.92e-01 | T=  0.29s | ARI=0.0000
[ADMM]   3/30 λ= 0.0002 | C2=10 C3=10 | minLinf=2.97e-01 | T=  0.29s | ARI=0.0000
[ADMM]   4/30 λ= 0.0002 | C2=10 C3=10 | minLinf=3.01e-01 | T=  0.31s | ARI=0.0000
[ADMM]   5/30 λ= 0.0004 | C2=10 C3=10 | minLinf=3.05e-01 | T=  0.30s | ARI=0.0000
[ADMM]   6/30 λ= 0.0005 | C2=10 C3=10 | minLinf=3.08e-01 | T=  0.31s | ARI=0.0000
[ADMM]   7/30 λ= 0.0008 | C2=10 C3=10 | minLinf=3.11e-01 | T=  0.31s | ARI=0.0000
[ADMM]   8/30 λ= 0.0012 | C2=10 C3=10 | minLinf=3.14e-01 | T=  0.33s | ARI=0.0000
[ADMM]   9/30 λ= 0.0019 | C2=10 C3=10 | minLinf=3.17e-01 | T=  0.36s | ARI=0.0000
[ADMM]  10/30 λ= 0.0028 | C2=10 C3=10 | minLinf=3.19e-01 | T=  0.50s | ARI=0.0000
[ADMM]  11/30 λ= 0.0043 | C2=10 C3=10 | minLinf=3.21e-01 | T=  0.50s | ARI=0.0000
[ADMM]  12/30 λ= 0.0065 | C2=10 C3=10 | minLinf=3.24e-01 | T=  0.50s | ARI=0.0000
[ADMM]  13/30 λ= 0.0099 | C2=10 C3=10 | minLinf=3.26e-01 | T=  0.51s | ARI=0.0000
[ADMM]  14/30 λ= 0.0150 | C2=10 C3=10 | minLinf=3.28e-01 | T=  0.50s | ARI=0.0000
[ADMM]  15/30 λ= 0.0228 | C2=10 C3=10 | minLinf=3.31e-01 | T=  0.50s | ARI=0.0000
[ADMM]  16/30 λ= 0.0346 | C2=10 C3=10 | minLinf=3.30e-01 | T=  0.50s | ARI=0.0000
[ADMM]  17/30 λ= 0.0526 | C2=10 C3=10 | minLinf=3.21e-01 | T=  0.50s | ARI=0.0000
[ADMM]  18/30 λ= 0.0799 | C2=10 C3=10 | minLinf=3.58e-01 | T=  0.50s | ARI=0.0000
[ADMM]  19/30 λ= 0.1213 | C2=10 C3=10 | minLinf=3.79e-01 | T=  0.50s | ARI=0.0000
[ADMM]  20/30 λ= 0.1842 | C2=10 C3=10 | minLinf=3.67e-01 | T=  0.50s | ARI=0.0000
[ADMM]  21/30 λ= 0.2796 | C2=10 C3=10 | minLinf=3.00e-01 | T=  0.50s | ARI=0.0000
[ADMM]  22/30 λ= 0.4246 | C2=10 C3=10 | minLinf=2.38e-01 | T=  0.50s | ARI=0.0000
[ADMM]  23/30 λ= 0.6447 | C2=10 C3=10 | minLinf=1.32e-01 | T=  0.51s | ARI=0.0000
[ADMM]  24/30 λ= 0.9790 | C2=10 C3=10 | minLinf=7.02e-02 | T=  0.50s | ARI=0.0000
[ADMM]  25/30 λ= 1.4866 | C2=10 C3=10 | minLinf=2.00e-02 | T=  0.51s | ARI=0.0000
[ADMM]  26/30 λ= 2.2573 | C2=10 C3=10 | minLinf=2.55e-02 | T=  0.51s | ARI=0.0000
[ADMM]  27/30 λ= 3.4275 | C2=10 C3=10 | minLinf=2.44e-02 | T=  0.51s | ARI=0.0000
[ADMM]  28/30 λ= 5.2045 | C2=10 C3=10 | minLinf=1.92e-02 | T=  0.50s | ARI=0.0000
[ADMM]  29/30 λ= 7.9028 | C2=10 C3=10 | minLinf=2.37e-02 | T=  0.51s | ARI=0.0000
[ADMM]  30/30 λ=12.0000 | C2=10 C3=10 | minLinf=1.66e-02 | T=  0.51s | ARI=0.0000
[Alt] pick Z* from lambda idx=0 (ARI=0.0000)
=== [Alt Cycle 1] Finetune NN with tether mu=1.0 ===
[Train] it=  100 | val_mse=0.498547
[Train] it=  200 | val_mse=0.478625
[Train] it=  300 | val_mse=0.492789
[Train] it=  400 | val_mse=0.506760

=== [Alt Cycle 2/4] ADMM ===
[ADMM]   1/30 λ= 0.0000 | C2=10 C3=10 | minLinf=1.77e-01 | T=  0.46s | ARI=0.0000
[ADMM]   2/30 λ= 0.0001 | C2=10 C3=10 | minLinf=1.76e-01 | T=  0.29s | ARI=0.0000
[ADMM]   3/30 λ= 0.0002 | C2=10 C3=10 | minLinf=1.76e-01 | T=  0.31s | ARI=0.0000
[ADMM]   4/30 λ= 0.0002 | C2=10 C3=10 | minLinf=1.76e-01 | T=  0.29s | ARI=0.0000
[ADMM]   5/30 λ= 0.0004 | C2=10 C3=10 | minLinf=1.76e-01 | T=  0.32s | ARI=0.0000
[ADMM]   6/30 λ= 0.0005 | C2=10 C3=10 | minLinf=1.77e-01 | T=  0.31s | ARI=0.0000
[ADMM]   7/30 λ= 0.0008 | C2=10 C3=10 | minLinf=1.77e-01 | T=  0.33s | ARI=0.0000
[ADMM]   8/30 λ= 0.0012 | C2=10 C3=10 | minLinf=1.78e-01 | T=  0.43s | ARI=0.0000
[ADMM]   9/30 λ= 0.0019 | C2=10 C3=10 | minLinf=1.79e-01 | T=  0.45s | ARI=0.0000
[ADMM]  10/30 λ= 0.0028 | C2=10 C3=10 | minLinf=1.79e-01 | T=  0.51s | ARI=0.0000
[ADMM]  11/30 λ= 0.0043 | C2=10 C3=10 | minLinf=1.80e-01 | T=  0.51s | ARI=0.0000
[ADMM]  12/30 λ= 0.0065 | C2=10 C3=10 | minLinf=1.81e-01 | T=  0.51s | ARI=0.0000
[ADMM]  13/30 λ= 0.0099 | C2=10 C3=10 | minLinf=1.84e-01 | T=  0.51s | ARI=0.0000
[ADMM]  14/30 λ= 0.0150 | C2=10 C3=10 | minLinf=1.88e-01 | T=  0.51s | ARI=0.0000
[ADMM]  15/30 λ= 0.0228 | C2=10 C3=10 | minLinf=1.94e-01 | T=  0.51s | ARI=0.0000
[ADMM]  16/30 λ= 0.0346 | C2=10 C3=10 | minLinf=2.09e-01 | T=  0.51s | ARI=0.0000
[ADMM]  17/30 λ= 0.0526 | C2=10 C3=10 | minLinf=2.07e-01 | T=  0.52s | ARI=0.0000
[ADMM]  18/30 λ= 0.0799 | C2=10 C3=10 | minLinf=2.10e-01 | T=  0.52s | ARI=0.0000
[ADMM]  19/30 λ= 0.1213 | C2=10 C3=10 | minLinf=2.19e-01 | T=  0.52s | ARI=0.0000
[ADMM]  20/30 λ= 0.1842 | C2=10 C3=10 | minLinf=1.64e-01 | T=  0.52s | ARI=0.0000
[ADMM]  21/30 λ= 0.2796 | C2=10 C3=10 | minLinf=9.33e-02 | T=  0.51s | ARI=0.0000
[ADMM]  22/30 λ= 0.4246 | C2=10 C3=10 | minLinf=9.83e-03 | T=  0.51s | ARI=0.0000
[ADMM]  23/30 λ= 0.6447 | C2=10 C3=10 | minLinf=1.20e-02 | T=  0.51s | ARI=0.0000
[ADMM]  24/30 λ= 0.9790 | C2=10 C3=10 | minLinf=2.09e-02 | T=  0.51s | ARI=0.0000
[ADMM]  25/30 λ= 1.4866 | C2=10 C3=10 | minLinf=2.43e-02 | T=  0.51s | ARI=0.0000
[ADMM]  26/30 λ= 2.2573 | C2=10 C3=10 | minLinf=1.18e-02 | T=  0.51s | ARI=0.0000
[ADMM]  27/30 λ= 3.4275 | C2=10 C3=10 | minLinf=1.16e-02 | T=  0.51s | ARI=0.0000
[ADMM]  28/30 λ= 5.2045 | C2=10 C3=10 | minLinf=2.39e-02 | T=  0.51s | ARI=0.0000
[ADMM]  29/30 λ= 7.9028 | C2=10 C3=10 | minLinf=2.04e-02 | T=  0.51s | ARI=0.0000
[ADMM]  30/30 λ=12.0000 | C2=10 C3=10 | minLinf=9.76e-03 | T=  0.51s | ARI=0.0000
[Alt] pick Z* from lambda idx=0 (ARI=0.0000)
=== [Alt Cycle 2] Finetune NN with tether mu=1.0 ===
[Train] it=  100 | val_mse=0.503630
[Train] it=  200 | val_mse=0.481847
[Train] it=  300 | val_mse=0.493840
[Train] it=  400 | val_mse=0.505518

=== [Alt Cycle 3/4] ADMM ===
[ADMM]   1/30 λ= 0.0000 | C2=10 C3=10 | minLinf=1.43e-01 | T=  0.46s | ARI=0.0000
[ADMM]   2/30 λ= 0.0001 | C2=10 C3=10 | minLinf=1.44e-01 | T=  0.31s | ARI=0.0000
[ADMM]   3/30 λ= 0.0002 | C2=10 C3=10 | minLinf=1.44e-01 | T=  0.34s | ARI=0.0000
[ADMM]   4/30 λ= 0.0002 | C2=10 C3=10 | minLinf=1.44e-01 | T=  0.36s | ARI=0.0000
[ADMM]   5/30 λ= 0.0004 | C2=10 C3=10 | minLinf=1.44e-01 | T=  0.40s | ARI=0.0000
[ADMM]   6/30 λ= 0.0005 | C2=10 C3=10 | minLinf=1.44e-01 | T=  0.44s | ARI=0.0000
[ADMM]   7/30 λ= 0.0008 | C2=10 C3=10 | minLinf=1.44e-01 | T=  0.50s | ARI=0.0000
[ADMM]   8/30 λ= 0.0012 | C2=10 C3=10 | minLinf=1.44e-01 | T=  0.51s | ARI=0.0000
[ADMM]   9/30 λ= 0.0019 | C2=10 C3=10 | minLinf=1.44e-01 | T=  0.51s | ARI=0.0000
[ADMM]  10/30 λ= 0.0028 | C2=10 C3=10 | minLinf=1.46e-01 | T=  0.51s | ARI=0.0000
[ADMM]  11/30 λ= 0.0043 | C2=10 C3=10 | minLinf=1.47e-01 | T=  0.51s | ARI=0.0000
[ADMM]  12/30 λ= 0.0065 | C2=10 C3=10 | minLinf=1.51e-01 | T=  0.51s | ARI=0.0000
[ADMM]  13/30 λ= 0.0099 | C2=10 C3=10 | minLinf=1.57e-01 | T=  0.51s | ARI=0.0000
[ADMM]  14/30 λ= 0.0150 | C2=10 C3=10 | minLinf=1.64e-01 | T=  0.51s | ARI=0.0000
[ADMM]  15/30 λ= 0.0228 | C2=10 C3=10 | minLinf=1.68e-01 | T=  0.51s | ARI=0.0000
[ADMM]  16/30 λ= 0.0346 | C2=10 C3=10 | minLinf=1.69e-01 | T=  0.51s | ARI=0.0000
[ADMM]  17/30 λ= 0.0526 | C2=10 C3=10 | minLinf=1.56e-01 | T=  0.51s | ARI=0.0000
[ADMM]  18/30 λ= 0.0799 | C2=10 C3=10 | minLinf=1.89e-01 | T=  0.51s | ARI=0.0000
[ADMM]  19/30 λ= 0.1213 | C2=10 C3=10 | minLinf=1.52e-01 | T=  0.51s | ARI=0.0000
[ADMM]  20/30 λ= 0.1842 | C2=10 C3=10 | minLinf=4.70e-02 | T=  0.51s | ARI=0.0000
[ADMM]  21/30 λ= 0.2796 | C2=10 C3=10 | minLinf=1.74e-02 | T=  0.51s | ARI=0.0000
[ADMM]  22/30 λ= 0.4246 | C2=10 C3=10 | minLinf=2.07e-02 | T=  0.51s | ARI=0.0000
[ADMM]  23/30 λ= 0.6447 | C2=10 C3=10 | minLinf=1.72e-02 | T=  0.51s | ARI=0.0000
[ADMM]  24/30 λ= 0.9790 | C2=10 C3=10 | minLinf=9.13e-03 | T=  0.51s | ARI=0.0000
[ADMM]  25/30 λ= 1.4866 | C2=10 C3=10 | minLinf=1.41e-02 | T=  0.51s | ARI=0.0000
[ADMM]  26/30 λ= 2.2573 | C2=10 C3=10 | minLinf=1.77e-02 | T=  0.51s | ARI=0.0000
[ADMM]  27/30 λ= 3.4275 | C2=10 C3=10 | minLinf=2.37e-02 | T=  0.51s | ARI=0.0000
[ADMM]  28/30 λ= 5.2045 | C2=10 C3=10 | minLinf=1.74e-02 | T=  0.51s | ARI=0.0000
[ADMM]  29/30 λ= 7.9028 | C2=10 C3=10 | minLinf=1.09e-02 | T=  0.51s | ARI=0.0000
[ADMM]  30/30 λ=12.0000 | C2=10 C3=10 | minLinf=1.57e-02 | T=  0.51s | ARI=0.0000
[Alt] pick Z* from lambda idx=0 (ARI=0.0000)
=== [Alt Cycle 3] Finetune NN with tether mu=1.0 ===
[Train] it=  100 | val_mse=0.483895
[Train] it=  200 | val_mse=0.488747
[Train] it=  300 | val_mse=0.498954
[Train] it=  400 | val_mse=0.505969

=== [Alt Cycle 4/4] ADMM ===
[ADMM]   1/30 λ= 0.0000 | C2=10 C3=10 | minLinf=9.80e-02 | T=  0.45s | ARI=0.0000
[ADMM]   2/30 λ= 0.0001 | C2=10 C3=10 | minLinf=9.56e-02 | T=  0.32s | ARI=0.0000
[ADMM]   3/30 λ= 0.0002 | C2=10 C3=10 | minLinf=9.88e-02 | T=  0.37s | ARI=0.0000
[ADMM]   4/30 λ= 0.0002 | C2=10 C3=10 | minLinf=1.02e-01 | T=  0.37s | ARI=0.0000
[ADMM]   5/30 λ= 0.0004 | C2=10 C3=10 | minLinf=1.05e-01 | T=  0.42s | ARI=0.0000
[ADMM]   6/30 λ= 0.0005 | C2=10 C3=10 | minLinf=1.09e-01 | T=  0.48s | ARI=0.0000
[ADMM]   7/30 λ= 0.0008 | C2=10 C3=10 | minLinf=1.11e-01 | T=  0.50s | ARI=0.0000
[ADMM]   8/30 λ= 0.0012 | C2=10 C3=10 | minLinf=1.15e-01 | T=  0.51s | ARI=0.0000
[ADMM]   9/30 λ= 0.0019 | C2=10 C3=10 | minLinf=1.18e-01 | T=  0.51s | ARI=0.0000
[ADMM]  10/30 λ= 0.0028 | C2=10 C3=10 | minLinf=1.23e-01 | T=  0.51s | ARI=0.0000
[ADMM]  11/30 λ= 0.0043 | C2=10 C3=10 | minLinf=1.28e-01 | T=  0.51s | ARI=0.0000
[ADMM]  12/30 λ= 0.0065 | C2=10 C3=10 | minLinf=1.30e-01 | T=  0.51s | ARI=0.0000
[ADMM]  13/30 λ= 0.0099 | C2=10 C3=10 | minLinf=1.33e-01 | T=  0.51s | ARI=0.0000
[ADMM]  14/30 λ= 0.0150 | C2=10 C3=10 | minLinf=1.36e-01 | T=  0.52s | ARI=0.0000
[ADMM]  15/30 λ= 0.0228 | C2=10 C3=10 | minLinf=1.27e-01 | T=  0.52s | ARI=0.0000
[ADMM]  16/30 λ= 0.0346 | C2=10 C3=10 | minLinf=1.24e-01 | T=  0.51s | ARI=0.0000
[ADMM]  17/30 λ= 0.0526 | C2=10 C3=10 | minLinf=1.38e-01 | T=  0.51s | ARI=0.0000
[ADMM]  18/30 λ= 0.0799 | C2=10 C3=10 | minLinf=1.63e-01 | T=  0.51s | ARI=0.0000
[ADMM]  19/30 λ= 0.1213 | C2=10 C3=10 | minLinf=7.01e-02 | T=  0.51s | ARI=0.0000
[ADMM]  20/30 λ= 0.1842 | C2=10 C3=10 | minLinf=2.08e-02 | T=  0.51s | ARI=0.0000
[ADMM]  21/30 λ= 0.2796 | C2=10 C3=10 | minLinf=1.35e-02 | T=  0.51s | ARI=0.0000
[ADMM]  22/30 λ= 0.4246 | C2=10 C3=10 | minLinf=1.61e-02 | T=  0.51s | ARI=0.0000
[ADMM]  23/30 λ= 0.6447 | C2=10 C3=10 | minLinf=2.39e-02 | T=  0.51s | ARI=0.0000
[ADMM]  24/30 λ= 0.9790 | C2=10 C3=10 | minLinf=1.04e-02 | T=  0.51s | ARI=0.0000
[ADMM]  25/30 λ= 1.4866 | C2=10 C3=10 | minLinf=2.23e-02 | T=  0.51s | ARI=0.0000
[ADMM]  26/30 λ= 2.2573 | C2=10 C3=10 | minLinf=2.28e-02 | T=  0.51s | ARI=0.0000
[ADMM]  27/30 λ= 3.4275 | C2=10 C3=10 | minLinf=1.96e-02 | T=  0.51s | ARI=0.0000
[ADMM]  28/30 λ= 5.2045 | C2=10 C3=10 | minLinf=1.47e-02 | T=  0.51s | ARI=0.0000
[ADMM]  29/30 λ= 7.9028 | C2=10 C3=10 | minLinf=1.55e-02 | T=  0.51s | ARI=0.0000
[ADMM]  30/30 λ=12.0000 | C2=10 C3=10 | minLinf=1.84e-02 | T=  0.51s | ARI=0.0000
[Alt] pick Z* from lambda idx=0 (ARI=0.0000)
=== [Alt Cycle 4] Finetune NN with tether mu=1.0 ===
[Train] it=  100 | val_mse=0.480711
[Train] it=  200 | val_mse=0.488189
[Train] it=  300 | val_mse=0.496115
[Train] it=  400 | val_mse=0.501886
[Save] Z path -> outputs/alt_cpu_big/Z_path_cycle1.npy | shape=(30, 10, 16)
[Save] metrics -> outputs/alt_cpu_big/path_metrics_cycle1.csv
[Save] dendrogram -> None
[Save] Z path -> outputs/alt_cpu_big/Z_path_cycle2.npy | shape=(30, 10, 16)
[Save] metrics -> outputs/alt_cpu_big/path_metrics_cycle2.csv
[Save] dendrogram -> None
[Save] Z path -> outputs/alt_cpu_big/Z_path_cycle3.npy | shape=(30, 10, 16)
[Save] metrics -> outputs/alt_cpu_big/path_metrics_cycle3.csv
[Save] dendrogram -> None
[Save] Z path -> outputs/alt_cpu_big/Z_path_cycle4.npy | shape=(30, 10, 16)
[Save] metrics -> outputs/alt_cpu_big/path_metrics_cycle4.csv
[Save] dendrogram -> None
